<?xml version="1.0" encoding="UTF-8"?>
<testsuite xmlns:xsi="http://www.w3.org/2001/XMLSchema-instance" xsi:noNamespaceSchemaLocation="https://maven.apache.org/surefire/maven-surefire-plugin/xsd/surefire-test-report.xsd" version="3.0.2" name="com.kalyan.catalog_service.web.controllers.ProductControllerTest" time="7.148" tests="3" errors="0" skipped="0" failures="0">
  <properties>
[...]
</properties>
  <testcase name="shouldReturnNotFoundWhenProductCodeNotExists" classname="com.kalyan.catalog_service.web.controllers.ProductControllerTest" time="6.527">
    <system-out><![CDATA[2025-01-25T12:28:03.192-05:00  INFO 13984 --- [catalog-service] [           main] t.c.s.AnnotationConfigContextLoaderUtils : Could not detect default configuration classes for test class [com.kalyan.catalog_service.web.controllers.ProductControllerTest]: ProductControllerTest does not declare any static, non-private, non-final, nested classes annotated with @Configuration.
2025-01-25T12:28:03.243-05:00  INFO 13984 --- [catalog-service] [           main] .b.t.c.SpringBootTestContextBootstrapper : Found @SpringBootConfiguration com.kalyan.catalog_service.CatalogServiceApplication for test class com.kalyan.catalog_service.web.controllers.ProductControllerTest
2025-01-25T12:28:05.988-05:00  INFO 13984 --- [catalog-service] [o-auto-1-exec-1] o.a.c.c.C.[Tomcat].[localhost].[/]       : Initializing Spring DispatcherServlet 'dispatcherServlet'
2025-01-25T12:28:05.989-05:00  INFO 13984 --- [catalog-service] [o-auto-1-exec-1] o.s.web.servlet.DispatcherServlet        : Initializing Servlet 'dispatcherServlet'
2025-01-25T12:28:05.995-05:00  INFO 13984 --- [catalog-service] [o-auto-1-exec-1] o.s.web.servlet.DispatcherServlet        : Completed initialization in 5 ms
]]></system-out>
  </testcase>
  <testcase name="shouldGetProductByCode" classname="com.kalyan.catalog_service.web.controllers.ProductControllerTest" time="0.187"/>
  <testcase name="shouldReturnProducts" classname="com.kalyan.catalog_service.web.controllers.ProductControllerTest" time="0.363"/>
</testsuite>