<?xml version="1.0" encoding="UTF-8"?>
<testsuite xmlns:xsi="http://www.w3.org/2001/XMLSchema-instance" xsi:noNamespaceSchemaLocation="https://maven.apache.org/surefire/maven-surefire-plugin/xsd/surefire-test-report.xsd" version="3.0.2" name="com.kalyan.catalog_service.domain.ProductRepositoryTest" time="4.239" tests="3" errors="0" skipped="0" failures="0">
  <properties>
[...]
</properties>
  <testcase name="shouldReturnEmptyWhenProductCodeNotExists" classname="com.kalyan.catalog_service.domain.ProductRepositoryTest" time="0.666">
    <system-out><![CDATA[2025-01-25T12:27:58.954-05:00  INFO 13984 --- [catalog-service] [           main] t.c.s.AnnotationConfigContextLoaderUtils : Could not detect default configuration classes for test class [com.kalyan.catalog_service.domain.ProductRepositoryTest]: ProductRepositoryTest does not declare any static, non-private, non-final, nested classes annotated with @Configuration.
2025-01-25T12:27:59.058-05:00  INFO 13984 --- [catalog-service] [           main] .b.t.c.SpringBootTestContextBootstrapper : Found @SpringBootConfiguration com.kalyan.catalog_service.CatalogServiceApplication for test class com.kalyan.catalog_service.domain.ProductRepositoryTest
2025-01-25T12:27:59.069-05:00  INFO 13984 --- [catalog-service] [           main] o.s.b.d.r.RestartApplicationListener     : Restart disabled due to context in which it is running

  .   ____          _            __ _ _
 /\\ / ___'_ __ _ _(_)_ __  __ _ \ \ \ \
( ( )\___ | '_ | '_| | '_ \/ _` | \ \ \ \
 \\/  ___)| |_)| | | | | || (_| |  ) ) ) )
  '  |____| .__|_| |_|_| |_\__, | / / / /
 =========|_|==============|___/=/_/_/_/

 :: Spring Boot ::                (v3.4.1)

2025-01-25T12:27:59.129-05:00  INFO 13984 --- [catalog-service] [           main] c.k.c.domain.ProductRepositoryTest       : Starting ProductRepositoryTest using Java 21.0.5 with PID 13984 (started by kalya in C:\Users\kalya\OneDrive\Documents\springboot projects\spring-boot-microservices-course\catalog-service)
2025-01-25T12:27:59.130-05:00  INFO 13984 --- [catalog-service] [           main] c.k.c.domain.ProductRepositoryTest       : No active profile set, falling back to 1 default profile: "default"
2025-01-25T12:27:59.279-05:00  INFO 13984 --- [catalog-service] [           main] .s.d.r.c.RepositoryConfigurationDelegate : Bootstrapping Spring Data JPA repositories in DEFAULT mode.
2025-01-25T12:27:59.296-05:00  INFO 13984 --- [catalog-service] [           main] .s.d.r.c.RepositoryConfigurationDelegate : Finished Spring Data repository scanning in 15 ms. Found 1 JPA repository interface.
2025-01-25T12:27:59.383-05:00  INFO 13984 --- [catalog-service] [           main] com.zaxxer.hikari.HikariDataSource       : HikariPool-2 - Starting...
2025-01-25T12:27:59.395-05:00  INFO 13984 --- [catalog-service] [           main] tc.postgres:17-alpine                    : Creating container for image: postgres:17-alpine
2025-01-25T12:27:59.586-05:00  INFO 13984 --- [catalog-service] [           main] tc.postgres:17-alpine                    : Container postgres:17-alpine is starting: 5bba08ee2d56e239671c8bbfb62ece1b787334a45072c5719d7abd69bfcab51e
2025-01-25T12:28:01.732-05:00  INFO 13984 --- [catalog-service] [           main] tc.postgres:17-alpine                    : Container postgres:17-alpine started in PT2.336863S
2025-01-25T12:28:01.732-05:00  INFO 13984 --- [catalog-service] [           main] tc.postgres:17-alpine                    : Container is started (JDBC URL: jdbc:postgresql://localhost:1622/test?loggerLevel=OFF)
2025-01-25T12:28:01.781-05:00  INFO 13984 --- [catalog-service] [           main] com.zaxxer.hikari.pool.HikariPool        : HikariPool-2 - Added connection org.testcontainers.jdbc.ConnectionWrapper@2ddb0d1a
2025-01-25T12:28:01.781-05:00  INFO 13984 --- [catalog-service] [           main] com.zaxxer.hikari.HikariDataSource       : HikariPool-2 - Start completed.
2025-01-25T12:28:01.784-05:00  INFO 13984 --- [catalog-service] [           main] org.flywaydb.core.FlywayExecutor         : Database: jdbc:postgresql://localhost:1622/test?loggerLevel=OFF (PostgreSQL 17.2)
2025-01-25T12:28:01.820-05:00  INFO 13984 --- [catalog-service] [           main] o.f.c.i.s.JdbcTableSchemaHistory         : Schema history table "public"."flyway_schema_history" does not exist yet
2025-01-25T12:28:01.823-05:00  INFO 13984 --- [catalog-service] [           main] o.f.core.internal.command.DbValidate     : Successfully validated 2 migrations (execution time 00:00.013s)
2025-01-25T12:28:01.856-05:00  INFO 13984 --- [catalog-service] [           main] o.f.c.i.s.JdbcTableSchemaHistory         : Creating Schema History table "public"."flyway_schema_history" ...
2025-01-25T12:28:01.948-05:00  INFO 13984 --- [catalog-service] [           main] o.f.core.internal.command.DbMigrate      : Current version of schema "public": << Empty Schema >>
2025-01-25T12:28:01.960-05:00  INFO 13984 --- [catalog-service] [           main] o.f.core.internal.command.DbMigrate      : Migrating schema "public" to version "1 - create products table"
2025-01-25T12:28:02.056-05:00  INFO 13984 --- [catalog-service] [           main] o.f.core.internal.command.DbMigrate      : Migrating schema "public" to version "2 - add books data"
2025-01-25T12:28:02.107-05:00  INFO 13984 --- [catalog-service] [           main] o.f.core.internal.command.DbMigrate      : Successfully applied 2 migrations to schema "public", now at version v2 (execution time 00:00.054s)
2025-01-25T12:28:02.168-05:00  INFO 13984 --- [catalog-service] [           main] o.hibernate.jpa.internal.util.LogHelper  : HHH000204: Processing PersistenceUnitInfo [name: default]
2025-01-25T12:28:02.176-05:00  INFO 13984 --- [catalog-service] [           main] o.h.c.internal.RegionFactoryInitiator    : HHH000026: Second-level cache disabled
2025-01-25T12:28:02.196-05:00  INFO 13984 --- [catalog-service] [           main] o.s.o.j.p.SpringPersistenceUnitInfo      : No LoadTimeWeaver setup: ignoring JPA class transformer
2025-01-25T12:28:02.220-05:00  INFO 13984 --- [catalog-service] [           main] org.hibernate.orm.connections.pooling    : HHH10001005: Database info:
	Database JDBC URL [Connecting through datasource 'HikariDataSource (HikariPool-2)']
	Database driver: undefined/unknown
	Database version: 17.2
	Autocommit mode: undefined/unknown
	Isolation level: undefined/unknown
	Minimum pool size: undefined/unknown
	Maximum pool size: undefined/unknown
2025-01-25T12:28:02.312-05:00  INFO 13984 --- [catalog-service] [           main] o.h.e.t.j.p.i.JtaPlatformInitiator       : HHH000489: No JTA platform available (set 'hibernate.transaction.jta.platform' to enable JTA platform integration)
2025-01-25T12:28:02.313-05:00  INFO 13984 --- [catalog-service] [           main] j.LocalContainerEntityManagerFactoryBean : Initialized JPA EntityManagerFactory for persistence unit 'default'
2025-01-25T12:28:02.376-05:00  INFO 13984 --- [catalog-service] [           main] c.k.c.domain.ProductRepositoryTest       : Started ProductRepositoryTest in 3.307 seconds (process running for 47.264)
Hibernate: select pe1_0.id,pe1_0.code,pe1_0.description,pe1_0.image_url,pe1_0.name,pe1_0.price from products pe1_0 where pe1_0.code=?
]]></system-out>
  </testcase>
  <testcase name="shouldGetProductByCode" classname="com.kalyan.catalog_service.domain.ProductRepositoryTest" time="0.059">
    <system-out><![CDATA[Hibernate: select pe1_0.id,pe1_0.code,pe1_0.description,pe1_0.image_url,pe1_0.name,pe1_0.price from products pe1_0 where pe1_0.code=?
]]></system-out>
  </testcase>
  <testcase name="shouldGetAllProducts" classname="com.kalyan.catalog_service.domain.ProductRepositoryTest" time="0.077">
    <system-out><![CDATA[Hibernate: select pe1_0.id,pe1_0.code,pe1_0.description,pe1_0.image_url,pe1_0.name,pe1_0.price from products pe1_0
]]></system-out>
  </testcase>
</testsuite>