<?xml version="1.0" encoding="UTF-8"?>
<testsuite xmlns:xsi="http://www.w3.org/2001/XMLSchema-instance" xsi:noNamespaceSchemaLocation="https://maven.apache.org/surefire/maven-surefire-plugin/xsd/surefire-test-report.xsd" version="3.0.2" name="com.kalyan.catalog_service.CatalogServiceApplicationTests" time="36.797" tests="1" errors="0" skipped="0" failures="0">
  <properties>
[...]
</properties>
  <testcase name="contextLoads" classname="com.kalyan.catalog_service.CatalogServiceApplicationTests" time="1.189">
    <system-out><![CDATA[12:27:22.443 [main] INFO org.springframework.test.context.support.AnnotationConfigContextLoaderUtils -- Could not detect default configuration classes for test class [com.kalyan.catalog_service.CatalogServiceApplicationTests]: CatalogServiceApplicationTests does not declare any static, non-private, non-final, nested classes annotated with @Configuration.
12:27:22.705 [main] INFO org.springframework.boot.test.context.SpringBootTestContextBootstrapper -- Found @SpringBootConfiguration com.kalyan.catalog_service.CatalogServiceApplication for test class com.kalyan.catalog_service.CatalogServiceApplicationTests
12:27:23.024 [main] INFO org.springframework.boot.devtools.restart.RestartApplicationListener -- Restart disabled due to context in which it is running

  .   ____          _            __ _ _
 /\\ / ___'_ __ _ _(_)_ __  __ _ \ \ \ \
( ( )\___ | '_ | '_| | '_ \/ _` | \ \ \ \
 \\/  ___)| |_)| | | | | || (_| |  ) ) ) )
  '  |____| .__|_| |_|_| |_\__, | / / / /
 =========|_|==============|___/=/_/_/_/

 :: Spring Boot ::                (v3.4.1)

2025-01-25T12:27:23.563-05:00  INFO 13984 --- [catalog-service] [           main] c.k.c.CatalogServiceApplicationTests     : Starting CatalogServiceApplicationTests using Java 21.0.5 with PID 13984 (started by kalya in C:\Users\kalya\OneDrive\Documents\springboot projects\spring-boot-microservices-course\catalog-service)
2025-01-25T12:27:23.568-05:00  INFO 13984 --- [catalog-service] [           main] c.k.c.CatalogServiceApplicationTests     : No active profile set, falling back to 1 default profile: "default"
2025-01-25T12:27:26.144-05:00  INFO 13984 --- [catalog-service] [           main] .s.d.r.c.RepositoryConfigurationDelegate : Bootstrapping Spring Data JPA repositories in DEFAULT mode.
2025-01-25T12:27:26.271-05:00  INFO 13984 --- [catalog-service] [           main] .s.d.r.c.RepositoryConfigurationDelegate : Finished Spring Data repository scanning in 103 ms. Found 1 JPA repository interface.
2025-01-25T12:27:28.110-05:00  INFO 13984 --- [catalog-service] [           main] o.s.b.w.embedded.tomcat.TomcatWebServer  : Tomcat initialized with port 0 (http)
2025-01-25T12:27:28.130-05:00  INFO 13984 --- [catalog-service] [           main] o.apache.catalina.core.StandardService   : Starting service [Tomcat]
2025-01-25T12:27:28.131-05:00  INFO 13984 --- [catalog-service] [           main] o.apache.catalina.core.StandardEngine    : Starting Servlet engine: [Apache Tomcat/10.1.34]
2025-01-25T12:27:28.216-05:00  INFO 13984 --- [catalog-service] [           main] o.a.c.c.C.[Tomcat].[localhost].[/]       : Initializing Spring embedded WebApplicationContext
2025-01-25T12:27:28.217-05:00  INFO 13984 --- [catalog-service] [           main] w.s.c.ServletWebServerApplicationContext : Root WebApplicationContext: initialization completed in 4093 ms
2025-01-25T12:27:28.752-05:00  INFO 13984 --- [catalog-service] [           main] org.testcontainers.images.PullPolicy     : Image pull policy will be performed by: DefaultPullPolicy()
2025-01-25T12:27:28.761-05:00  INFO 13984 --- [catalog-service] [           main] o.t.utility.ImageNameSubstitutor         : Image name substitution will be performed by: DefaultImageNameSubstitutor (composite of 'ConfigurationFileImageNameSubstitutor' and 'PrefixingImageNameSubstitutor')
2025-01-25T12:27:28.808-05:00  INFO 13984 --- [catalog-service] [           main] org.testcontainers.DockerClientFactory   : Testcontainers version: 1.20.4
2025-01-25T12:27:29.106-05:00  INFO 13984 --- [catalog-service] [           main] o.t.d.DockerClientProviderStrategy       : Loaded org.testcontainers.dockerclient.NpipeSocketClientProviderStrategy from ~/.testcontainers.properties, will try it first
2025-01-25T12:27:29.700-05:00  INFO 13984 --- [catalog-service] [           main] o.t.d.DockerClientProviderStrategy       : Found Docker environment with local Npipe socket (npipe:////./pipe/docker_engine)
2025-01-25T12:27:29.701-05:00  INFO 13984 --- [catalog-service] [           main] org.testcontainers.DockerClientFactory   : Docker host IP address is localhost
2025-01-25T12:27:29.731-05:00  INFO 13984 --- [catalog-service] [           main] org.testcontainers.DockerClientFactory   : Connected to docker: 
  Server Version: 27.4.0
  API Version: 1.47
  Operating System: Docker Desktop
  Total Memory: 7789 MB
  Labels: 
    com.docker.desktop.address=npipe://\\.\pipe\docker_cli
2025-01-25T12:27:29.844-05:00  INFO 13984 --- [catalog-service] [           main] tc.testcontainers/ryuk:0.11.0            : Pulling docker image: testcontainers/ryuk:0.11.0. Please be patient; this may take some time but only needs to be done once.
2025-01-25T12:27:32.600-05:00  INFO 13984 --- [catalog-service] [eam--1449135437] tc.testcontainers/ryuk:0.11.0            : Starting to pull image
2025-01-25T12:27:32.632-05:00  INFO 13984 --- [catalog-service] [eam--1449135437] tc.testcontainers/ryuk:0.11.0            : Pulling image layers:  0 pending,  0 downloaded,  0 extracted, (0 bytes/0 bytes)
2025-01-25T12:27:34.572-05:00  INFO 13984 --- [catalog-service] [eam--1449135437] tc.testcontainers/ryuk:0.11.0            : Pulling image layers:  2 pending,  1 downloaded,  0 extracted, (6 MB/? MB)
2025-01-25T12:27:34.885-05:00  INFO 13984 --- [catalog-service] [eam--1449135437] tc.testcontainers/ryuk:0.11.0            : Pulling image layers:  1 pending,  2 downloaded,  0 extracted, (8 MB/? MB)
2025-01-25T12:27:35.086-05:00  INFO 13984 --- [catalog-service] [eam--1449135437] tc.testcontainers/ryuk:0.11.0            : Pulling image layers:  0 pending,  3 downloaded,  0 extracted, (9 MB/10 MB)
2025-01-25T12:27:35.277-05:00  INFO 13984 --- [catalog-service] [eam--1449135437] tc.testcontainers/ryuk:0.11.0            : Pull complete. 3 layers, pulled in 2s (downloaded 9 MB at 4 MB/s)
2025-01-25T12:27:35.277-05:00  INFO 13984 --- [catalog-service] [           main] tc.testcontainers/ryuk:0.11.0            : Image testcontainers/ryuk:0.11.0 pull took PT5.4315684S
2025-01-25T12:27:35.360-05:00  INFO 13984 --- [catalog-service] [           main] tc.testcontainers/ryuk:0.11.0            : Creating container for image: testcontainers/ryuk:0.11.0
2025-01-25T12:27:35.586-05:00  INFO 13984 --- [catalog-service] [           main] tc.testcontainers/ryuk:0.11.0            : Container testcontainers/ryuk:0.11.0 is starting: 0bfea6aa47bc13b27d70811775bbce1b9d6bf24e6dc4834683506ba2a5be3ff2
2025-01-25T12:27:36.401-05:00  INFO 13984 --- [catalog-service] [           main] tc.testcontainers/ryuk:0.11.0            : Container testcontainers/ryuk:0.11.0 started in PT1.0410104S
2025-01-25T12:27:36.413-05:00  INFO 13984 --- [catalog-service] [           main] o.t.utility.RyukResourceReaper           : Ryuk started - will monitor and terminate Testcontainers containers on JVM exit
2025-01-25T12:27:36.414-05:00  INFO 13984 --- [catalog-service] [           main] org.testcontainers.DockerClientFactory   : Checking the system...
2025-01-25T12:27:36.414-05:00  INFO 13984 --- [catalog-service] [           main] org.testcontainers.DockerClientFactory   : ✔︎ Docker server version should be at least 1.6.0
2025-01-25T12:27:36.423-05:00  INFO 13984 --- [catalog-service] [           main] tc.postgres:17-alpine                    : Pulling docker image: postgres:17-alpine. Please be patient; this may take some time but only needs to be done once.
2025-01-25T12:27:37.133-05:00  INFO 13984 --- [catalog-service] [tream-161858286] tc.postgres:17-alpine                    : Starting to pull image
2025-01-25T12:27:37.136-05:00  INFO 13984 --- [catalog-service] [tream-161858286] tc.postgres:17-alpine                    : Pulling image layers:  0 pending,  0 downloaded,  0 extracted, (0 bytes/0 bytes)
2025-01-25T12:27:37.880-05:00  INFO 13984 --- [catalog-service] [tream-161858286] tc.postgres:17-alpine                    : Pulling image layers:  9 pending,  1 downloaded,  0 extracted, (0 bytes/? MB)
2025-01-25T12:27:37.882-05:00  INFO 13984 --- [catalog-service] [tream-161858286] tc.postgres:17-alpine                    : Pulling image layers:  8 pending,  2 downloaded,  0 extracted, (0 bytes/? MB)
2025-01-25T12:27:37.983-05:00  INFO 13984 --- [catalog-service] [tream-161858286] tc.postgres:17-alpine                    : Pulling image layers:  7 pending,  3 downloaded,  0 extracted, (0 bytes/? MB)
2025-01-25T12:27:38.086-05:00  INFO 13984 --- [catalog-service] [tream-161858286] tc.postgres:17-alpine                    : Pulling image layers:  6 pending,  4 downloaded,  0 extracted, (170 bytes/? MB)
2025-01-25T12:27:38.190-05:00  INFO 13984 --- [catalog-service] [tream-161858286] tc.postgres:17-alpine                    : Pulling image layers:  5 pending,  5 downloaded,  0 extracted, (170 bytes/? MB)
2025-01-25T12:27:38.192-05:00  INFO 13984 --- [catalog-service] [tream-161858286] tc.postgres:17-alpine                    : Pulling image layers:  4 pending,  6 downloaded,  0 extracted, (170 bytes/? MB)
2025-01-25T12:27:38.195-05:00  INFO 13984 --- [catalog-service] [tream-161858286] tc.postgres:17-alpine                    : Pulling image layers:  3 pending,  7 downloaded,  0 extracted, (170 bytes/? MB)
2025-01-25T12:27:38.499-05:00  INFO 13984 --- [catalog-service] [tream-161858286] tc.postgres:17-alpine                    : Pulling image layers:  2 pending,  8 downloaded,  0 extracted, (4 MB/? MB)
2025-01-25T12:27:38.807-05:00  INFO 13984 --- [catalog-service] [tream-161858286] tc.postgres:17-alpine                    : Pulling image layers:  1 pending,  9 downloaded,  0 extracted, (7 MB/? MB)
2025-01-25T12:27:45.087-05:00  INFO 13984 --- [catalog-service] [tream-161858286] tc.postgres:17-alpine                    : Pulling image layers:  0 pending, 10 downloaded,  0 extracted, (102 MB/105 MB)
2025-01-25T12:27:47.309-05:00  INFO 13984 --- [catalog-service] [           main] tc.postgres:17-alpine                    : Image postgres:17-alpine pull took PT10.8856408S
2025-01-25T12:27:47.309-05:00  INFO 13984 --- [catalog-service] [tream-161858286] tc.postgres:17-alpine                    : Pull complete. 10 layers, pulled in 10s (downloaded 102 MB at 10 MB/s)
2025-01-25T12:27:47.346-05:00  INFO 13984 --- [catalog-service] [           main] tc.postgres:17-alpine                    : Creating container for image: postgres:17-alpine
2025-01-25T12:27:47.868-05:00  INFO 13984 --- [catalog-service] [           main] tc.postgres:17-alpine                    : Container postgres:17-alpine is starting: 253e5ef58bcb7bfac7848855885aa1c04eb1b71dc41136f78721ce4042fd0b81
2025-01-25T12:27:49.712-05:00  INFO 13984 --- [catalog-service] [           main] tc.postgres:17-alpine                    : Container postgres:17-alpine started in PT2.3662305S
2025-01-25T12:27:49.713-05:00  INFO 13984 --- [catalog-service] [           main] tc.postgres:17-alpine                    : Container is started (JDBC URL: jdbc:postgresql://localhost:1602/test?loggerLevel=OFF)
2025-01-25T12:27:50.565-05:00  INFO 13984 --- [catalog-service] [           main] org.flywaydb.core.FlywayExecutor         : Database: jdbc:postgresql://localhost:1602/test?loggerLevel=OFF (PostgreSQL 17.2)
2025-01-25T12:27:50.646-05:00  INFO 13984 --- [catalog-service] [           main] o.f.c.i.s.JdbcTableSchemaHistory         : Schema history table "public"."flyway_schema_history" does not exist yet
2025-01-25T12:27:50.652-05:00  INFO 13984 --- [catalog-service] [           main] o.f.core.internal.command.DbValidate     : Successfully validated 2 migrations (execution time 00:00.036s)
2025-01-25T12:27:50.684-05:00  INFO 13984 --- [catalog-service] [           main] o.f.c.i.s.JdbcTableSchemaHistory         : Creating Schema History table "public"."flyway_schema_history" ...
2025-01-25T12:27:50.792-05:00  INFO 13984 --- [catalog-service] [           main] o.f.core.internal.command.DbMigrate      : Current version of schema "public": << Empty Schema >>
2025-01-25T12:27:50.812-05:00  INFO 13984 --- [catalog-service] [           main] o.f.core.internal.command.DbMigrate      : Migrating schema "public" to version "1 - create products table"
2025-01-25T12:27:50.897-05:00  INFO 13984 --- [catalog-service] [           main] o.f.core.internal.command.DbMigrate      : Migrating schema "public" to version "2 - add books data"
2025-01-25T12:27:50.941-05:00  INFO 13984 --- [catalog-service] [           main] o.f.core.internal.command.DbMigrate      : Successfully applied 2 migrations to schema "public", now at version v2 (execution time 00:00.044s)
2025-01-25T12:27:51.051-05:00  INFO 13984 --- [catalog-service] [           main] com.zaxxer.hikari.HikariDataSource       : HikariPool-1 - Starting...
2025-01-25T12:27:51.098-05:00  INFO 13984 --- [catalog-service] [           main] com.zaxxer.hikari.pool.HikariPool        : HikariPool-1 - Added connection org.postgresql.jdbc.PgConnection@2b6ff016
2025-01-25T12:27:51.101-05:00  INFO 13984 --- [catalog-service] [           main] com.zaxxer.hikari.HikariDataSource       : HikariPool-1 - Start completed.
2025-01-25T12:27:51.213-05:00  INFO 13984 --- [catalog-service] [           main] o.hibernate.jpa.internal.util.LogHelper  : HHH000204: Processing PersistenceUnitInfo [name: default]
2025-01-25T12:27:51.356-05:00  INFO 13984 --- [catalog-service] [           main] org.hibernate.Version                    : HHH000412: Hibernate ORM core version 6.6.4.Final
2025-01-25T12:27:51.438-05:00  INFO 13984 --- [catalog-service] [           main] o.h.c.internal.RegionFactoryInitiator    : HHH000026: Second-level cache disabled
2025-01-25T12:27:51.909-05:00  INFO 13984 --- [catalog-service] [           main] o.s.o.j.p.SpringPersistenceUnitInfo      : No LoadTimeWeaver setup: ignoring JPA class transformer
2025-01-25T12:27:52.076-05:00  INFO 13984 --- [catalog-service] [           main] org.hibernate.orm.connections.pooling    : HHH10001005: Database info:
	Database JDBC URL [Connecting through datasource 'HikariDataSource (HikariPool-1)']
	Database driver: undefined/unknown
	Database version: 17.2
	Autocommit mode: undefined/unknown
	Isolation level: undefined/unknown
	Minimum pool size: undefined/unknown
	Maximum pool size: undefined/unknown
2025-01-25T12:27:53.317-05:00  INFO 13984 --- [catalog-service] [           main] o.h.e.t.j.p.i.JtaPlatformInitiator       : HHH000489: No JTA platform available (set 'hibernate.transaction.jta.platform' to enable JTA platform integration)
2025-01-25T12:27:53.320-05:00  INFO 13984 --- [catalog-service] [           main] j.LocalContainerEntityManagerFactoryBean : Initialized JPA EntityManagerFactory for persistence unit 'default'
2025-01-25T12:27:54.812-05:00  WARN 13984 --- [catalog-service] [           main] JpaBaseConfiguration$JpaWebConfiguration : spring.jpa.open-in-view is enabled by default. Therefore, database queries may be performed during view rendering. Explicitly configure spring.jpa.open-in-view to disable this warning
2025-01-25T12:27:57.010-05:00  INFO 13984 --- [catalog-service] [           main] o.s.b.a.e.web.EndpointLinksResolver      : Exposing 15 endpoints beneath base path '/actuator'
2025-01-25T12:27:57.519-05:00  INFO 13984 --- [catalog-service] [           main] o.s.b.w.embedded.tomcat.TomcatWebServer  : Tomcat started on port 1621 (http) with context path '/'
2025-01-25T12:27:57.539-05:00  INFO 13984 --- [catalog-service] [           main] c.k.c.CatalogServiceApplicationTests     : Started CatalogServiceApplicationTests in 34.532 seconds (process running for 42.427)
]]></system-out>
    <system-err><![CDATA[Mockito is currently self-attaching to enable the inline-mock-maker. This will no longer work in future releases of the JDK. Please add Mockito as an agent to your build what is described in Mockito's documentation: https://javadoc.io/doc/org.mockito/mockito-core/latest/org/mockito/Mockito.html#0.3
WARNING: A Java agent has been loaded dynamically (C:\Users\kalya\.m2\repository\net\bytebuddy\byte-buddy-agent\1.15.11\byte-buddy-agent-1.15.11.jar)
WARNING: If a serviceability tool is in use, please run with -XX:+EnableDynamicAgentLoading to hide this warning
WARNING: If a serviceability tool is not in use, please run with -Djdk.instrument.traceUsage for more information
WARNING: Dynamic loading of agents will be disallowed by default in a future release
]]></system-err>
  </testcase>
</testsuite>